Flow report for Provisional
Wed Dec 02 11:04:14 2020
Quartus II 64-Bit Version 13.0.0 Build 156 04/24/2013 SJ Web Edition


---------------------
; Table of Contents ;
---------------------
  1. Legal Notice
  2. Flow Summary
  3. Flow Settings
  4. Flow Non-Default Global Settings
  5. Flow Elapsed Time
  6. Flow OS Summary
  7. Flow Log
  8. Flow Messages
  9. Flow Suppressed Messages



----------------
; Legal Notice ;
----------------
Copyright (C) 1991-2013 Altera Corporation
Your use of Altera Corporation's design tools, logic functions 
and other software and tools, and its AMPP partner logic 
functions, and any output files from any of the foregoing 
(including device programming or simulation files), and any 
associated documentation or information are expressly subject 
to the terms and conditions of the Altera Program License 
Subscription Agreement, Altera MegaCore Function License 
Agreement, or other applicable license agreement, including, 
without limitation, that your use is for the sole purpose of 
programming logic devices manufactured by Altera and sold by 
Altera or its authorized distributors.  Please refer to the 
applicable agreement for further details.



+---------------------------------------------------------------------------------+
; Flow Summary                                                                    ;
+------------------------------------+--------------------------------------------+
; Flow Status                        ; Successful - Wed Dec 02 11:04:14 2020      ;
; Quartus II 64-Bit Version          ; 13.0.0 Build 156 04/24/2013 SJ Web Edition ;
; Revision Name                      ; Provisional                                ;
; Top-level Entity Name              ; procesoCuatro                              ;
; Family                             ; Cyclone II                                 ;
; Device                             ; EP2C20F484C7                               ;
; Timing Models                      ; Final                                      ;
; Total logic elements               ; 41 / 18,752 ( < 1 % )                      ;
;     Total combinational functions  ; 41 / 18,752 ( < 1 % )                      ;
;     Dedicated logic registers      ; 32 / 18,752 ( < 1 % )                      ;
; Total registers                    ; 32                                         ;
; Total pins                         ; 6 / 315 ( 2 % )                            ;
; Total virtual pins                 ; 0                                          ;
; Total memory bits                  ; 0 / 239,616 ( 0 % )                        ;
; Embedded Multiplier 9-bit elements ; 0 / 52 ( 0 % )                             ;
; Total PLLs                         ; 0 / 4 ( 0 % )                              ;
+------------------------------------+--------------------------------------------+


+-----------------------------------------+
; Flow Settings                           ;
+-------------------+---------------------+
; Option            ; Setting             ;
+-------------------+---------------------+
; Start date & time ; 12/02/2020 11:03:58 ;
; Main task         ; Compilation         ;
; Revision Name     ; Provisional         ;
+-------------------+---------------------+


+------------------------------------------------------------------------------------------------------------------------+
; Flow Non-Default Global Settings                                                                                       ;
+-------------------------------------+---------------------------------+---------------+---------------+----------------+
; Assignment Name                     ; Value                           ; Default Value ; Entity Name   ; Section Id     ;
+-------------------------------------+---------------------------------+---------------+---------------+----------------+
; COMPILER_SIGNATURE_ID               ; 229548083886440.160692503702708 ; --            ; --            ; --             ;
; EDA_OUTPUT_DATA_FORMAT              ; Vhdl                            ; --            ; --            ; eda_simulation ;
; EDA_SIMULATION_TOOL                 ; ModelSim-Altera (VHDL)          ; <None>        ; --            ; --             ;
; IP_TOOL_NAME                        ; LPM_COUNTER                     ; --            ; --            ; --             ;
; IP_TOOL_NAME                        ; LPM_COMPARE                     ; --            ; --            ; --             ;
; IP_TOOL_NAME                        ; LPM_COUNTER                     ; --            ; --            ; --             ;
; IP_TOOL_NAME                        ; LPM_COMPARE                     ; --            ; --            ; --             ;
; IP_TOOL_NAME                        ; LPM_COMPARE                     ; --            ; --            ; --             ;
; IP_TOOL_NAME                        ; LPM_COMPARE                     ; --            ; --            ; --             ;
; IP_TOOL_NAME                        ; LPM_COMPARE                     ; --            ; --            ; --             ;
; IP_TOOL_NAME                        ; LPM_COMPARE                     ; --            ; --            ; --             ;
; IP_TOOL_NAME                        ; LPM_COMPARE                     ; --            ; --            ; --             ;
; IP_TOOL_NAME                        ; LPM_COMPARE                     ; --            ; --            ; --             ;
; IP_TOOL_NAME                        ; LPM_COMPARE                     ; --            ; --            ; --             ;
; IP_TOOL_NAME                        ; LPM_COMPARE                     ; --            ; --            ; --             ;
; IP_TOOL_VERSION                     ; 13.0                            ; --            ; --            ; --             ;
; IP_TOOL_VERSION                     ; 13.0                            ; --            ; --            ; --             ;
; IP_TOOL_VERSION                     ; 13.0                            ; --            ; --            ; --             ;
; IP_TOOL_VERSION                     ; 13.0                            ; --            ; --            ; --             ;
; IP_TOOL_VERSION                     ; 13.0                            ; --            ; --            ; --             ;
; IP_TOOL_VERSION                     ; 13.0                            ; --            ; --            ; --             ;
; IP_TOOL_VERSION                     ; 13.0                            ; --            ; --            ; --             ;
; IP_TOOL_VERSION                     ; 13.0                            ; --            ; --            ; --             ;
; IP_TOOL_VERSION                     ; 13.0                            ; --            ; --            ; --             ;
; IP_TOOL_VERSION                     ; 13.0                            ; --            ; --            ; --             ;
; IP_TOOL_VERSION                     ; 13.0                            ; --            ; --            ; --             ;
; IP_TOOL_VERSION                     ; 13.0                            ; --            ; --            ; --             ;
; MAX_CORE_JUNCTION_TEMP              ; 85                              ; --            ; --            ; --             ;
; MIN_CORE_JUNCTION_TEMP              ; 0                               ; --            ; --            ; --             ;
; MISC_FILE                           ; contadorSegundo.bsf             ; --            ; --            ; --             ;
; MISC_FILE                           ; contadorSegundo.cmp             ; --            ; --            ; --             ;
; MISC_FILE                           ; comparadorSegundo.bsf           ; --            ; --            ; --             ;
; MISC_FILE                           ; comparadorSegundo.cmp           ; --            ; --            ; --             ;
; MISC_FILE                           ; contadorSegundos.bsf            ; --            ; --            ; --             ;
; MISC_FILE                           ; contadorSegundos.cmp            ; --            ; --            ; --             ;
; MISC_FILE                           ; comparadorSegundos.bsf          ; --            ; --            ; --             ;
; MISC_FILE                           ; comparadorSegundos.cmp          ; --            ; --            ; --             ;
; MISC_FILE                           ; comparadorTemp3.bsf             ; --            ; --            ; --             ;
; MISC_FILE                           ; comparadorTemp3.cmp             ; --            ; --            ; --             ;
; MISC_FILE                           ; comparadorTemp.bsf              ; --            ; --            ; --             ;
; MISC_FILE                           ; comparadorTemp.cmp              ; --            ; --            ; --             ;
; MISC_FILE                           ; comparadorTemp7.bsf             ; --            ; --            ; --             ;
; MISC_FILE                           ; comparadorTemp7.cmp             ; --            ; --            ; --             ;
; MISC_FILE                           ; comparadorTempMenos5.bsf        ; --            ; --            ; --             ;
; MISC_FILE                           ; comparadorTempMenos5.cmp        ; --            ; --            ; --             ;
; MISC_FILE                           ; comparadorTempMas5.bsf          ; --            ; --            ; --             ;
; MISC_FILE                           ; comparadorTempMas5.cmp          ; --            ; --            ; --             ;
; MISC_FILE                           ; comparadorDireccionVacia.bsf    ; --            ; --            ; --             ;
; MISC_FILE                           ; comparadorDireccionVacia.cmp    ; --            ; --            ; --             ;
; MISC_FILE                           ; comparadorROMUser.bsf           ; --            ; --            ; --             ;
; MISC_FILE                           ; comparadorROMUser.cmp           ; --            ; --            ; --             ;
; MISC_FILE                           ; comparadorCedArea.bsf           ; --            ; --            ; --             ;
; MISC_FILE                           ; comparadorCedArea.cmp           ; --            ; --            ; --             ;
; PARTITION_COLOR                     ; 16764057                        ; --            ; procesoCuatro ; Top            ;
; PARTITION_FITTER_PRESERVATION_LEVEL ; PLACEMENT_AND_ROUTING           ; --            ; procesoCuatro ; Top            ;
; PARTITION_NETLIST_TYPE              ; SOURCE                          ; --            ; procesoCuatro ; Top            ;
; PROJECT_OUTPUT_DIRECTORY            ; output_files                    ; --            ; --            ; --             ;
; TOP_LEVEL_ENTITY                    ; procesoCuatro                   ; Provisional   ; --            ; --             ;
+-------------------------------------+---------------------------------+---------------+---------------+----------------+


+-------------------------------------------------------------------------------------------------------------------------------+
; Flow Elapsed Time                                                                                                             ;
+---------------------------+--------------+-------------------------+---------------------+------------------------------------+
; Module Name               ; Elapsed Time ; Average Processors Used ; Peak Virtual Memory ; Total CPU Time (on all processors) ;
+---------------------------+--------------+-------------------------+---------------------+------------------------------------+
; Analysis & Synthesis      ; 00:00:04     ; 1.0                     ; 4665 MB             ; 00:00:03                           ;
; Fitter                    ; 00:00:06     ; 1.0                     ; 4846 MB             ; 00:00:06                           ;
; Assembler                 ; 00:00:01     ; 1.0                     ; 4555 MB             ; 00:00:01                           ;
; TimeQuest Timing Analyzer ; 00:00:02     ; 1.0                     ; 4554 MB             ; 00:00:01                           ;
; EDA Netlist Writer        ; 00:00:00     ; 1.0                     ; 4515 MB             ; 00:00:01                           ;
; Total                     ; 00:00:13     ; --                      ; --                  ; 00:00:12                           ;
+---------------------------+--------------+-------------------------+---------------------+------------------------------------+


+----------------------------------------------------------------------------------------+
; Flow OS Summary                                                                        ;
+---------------------------+------------------+-----------+------------+----------------+
; Module Name               ; Machine Hostname ; OS Name   ; OS Version ; Processor type ;
+---------------------------+------------------+-----------+------------+----------------+
; Analysis & Synthesis      ; LAPTOP-H9UG1I5P  ; Windows 7 ; 6.2        ; x86_64         ;
; Fitter                    ; LAPTOP-H9UG1I5P  ; Windows 7 ; 6.2        ; x86_64         ;
; Assembler                 ; LAPTOP-H9UG1I5P  ; Windows 7 ; 6.2        ; x86_64         ;
; TimeQuest Timing Analyzer ; LAPTOP-H9UG1I5P  ; Windows 7 ; 6.2        ; x86_64         ;
; EDA Netlist Writer        ; LAPTOP-H9UG1I5P  ; Windows 7 ; 6.2        ; x86_64         ;
+---------------------------+------------------+-----------+------------+----------------+


------------
; Flow Log ;
------------
quartus_map --read_settings_files=on --write_settings_files=off Provisional -c Provisional
quartus_fit --read_settings_files=off --write_settings_files=off Provisional -c Provisional
quartus_asm --read_settings_files=off --write_settings_files=off Provisional -c Provisional
quartus_sta Provisional -c Provisional
quartus_eda --read_settings_files=off --write_settings_files=off Provisional -c Provisional



