Info: Start Nativelink Simulation process

========= EDA Simulation Settings =====================

Sim Mode              :  Gate
Family                :  cycloneii
Quartus root          :  c:/altera/13.0/quartus/bin64/
Quartus sim root      :  c:/altera/13.0/quartus/eda/sim_lib
Simulation Tool       :  modelsim-altera
Simulation Language   :  vhdl
Version               :  93
Simulation Mode       :  GUI
Sim Output File       :  Provisional.vho
Sim SDF file          :  Provisional__vhdl.sdo
Sim dir               :  simulation\modelsim

=======================================================

Info: Starting NativeLink simulation with ModelSim-Altera software
Sourced NativeLink script c:/altera/13.0/quartus/common/tcl/internal/nativelink/modelsim.tcl
Warning: File Provisional_run_msim_gate_vhdl.do already exists - backing up current file as Provisional_run_msim_gate_vhdl.do.bak11
Probing transcript
ModelSim-Altera Info: # Reading C:/altera/13.0/modelsim_ase/tcl/vsim/pref.tcl 
ModelSim-Altera Info: # do Provisional_run_msim_gate_vhdl.do 
ModelSim-Altera Info: # if {[file exists gate_work]} {
ModelSim-Altera Info: # 	vdel -lib gate_work -all
ModelSim-Altera Info: # }
ModelSim-Altera Info: # vlib gate_work
ModelSim-Altera Info: # vmap work gate_work
ModelSim-Altera Info: # Copying C:\altera\13.0\modelsim_ase\win32aloem/../modelsim.ini to modelsim.ini
ModelSim-Altera Info: # Modifying modelsim.ini
ModelSim-Altera Warning: # ** Warning: Copied C:\altera\13.0\modelsim_ase\win32aloem/../modelsim.ini to modelsim.ini.
ModelSim-Altera Info: #          Updated modelsim.ini.
ModelSim-Altera Info: # 
ModelSim-Altera Info: # vcom -93 -work work {Provisional.vho}
ModelSim-Altera Info: # Model Technology ModelSim ALTERA vcom 10.1d Compiler 2012.11 Nov  2 2012
ModelSim-Altera Info: # -- Loading package STANDARD
ModelSim-Altera Info: # -- Loading package TEXTIO
ModelSim-Altera Info: # -- Loading package std_logic_1164
ModelSim-Altera Info: # -- Loading package VITAL_Timing
ModelSim-Altera Info: # -- Loading package VITAL_Primitives
ModelSim-Altera Info: # -- Loading package cycloneii_atom_pack
ModelSim-Altera Info: # -- Loading package cycloneii_components
ModelSim-Altera Info: # -- Compiling entity procesoCinco
ModelSim-Altera Info: # -- Compiling architecture structure of procesoCinco
ModelSim-Altera Info: # 
ModelSim-Altera Info: vsim work.procesocinco
ModelSim-Altera Info: # vsim work.procesocinco 
ModelSim-Altera Info: # Loading std.standard
ModelSim-Altera Info: # Loading std.textio(body)
ModelSim-Altera Info: # Loading ieee.std_logic_1164(body)
ModelSim-Altera Info: # Loading ieee.vital_timing(body)
ModelSim-Altera Info: # Loading ieee.vital_primitives(body)
ModelSim-Altera Info: # Loading cycloneii.cycloneii_atom_pack(body)
ModelSim-Altera Info: # Loading cycloneii.cycloneii_components
ModelSim-Altera Info: # Loading work.procesocinco(structure)
ModelSim-Altera Info: # Loading cycloneii.cycloneii_ram_block(block_arch)
ModelSim-Altera Info: # Loading cycloneii.cycloneii_ram_register(reg_arch)
ModelSim-Altera Info: # Loading cycloneii.cycloneii_ram_pulse_generator(pgen_arch)
ModelSim-Altera Info: # Loading cycloneii.cycloneii_lcell_comb(vital_lcell_comb)
ModelSim-Altera Info: # Loading ieee.std_logic_arith(body)
ModelSim-Altera Info: # Loading cycloneii.cycloneii_io(structure)
ModelSim-Altera Info: # Loading cycloneii.cycloneii_mux21(altvital)
ModelSim-Altera Info: # Loading cycloneii.cycloneii_dffe(behave)
ModelSim-Altera Info: # Loading cycloneii.cycloneii_asynch_io(behave)
ModelSim-Altera Info: # Loading cycloneii.cycloneii_clkctrl(vital_clkctrl)
ModelSim-Altera Info: # Loading cycloneii.cycloneii_ena_reg(behave)
ModelSim-Altera Info: # Loading cycloneii.cycloneii_lcell_ff(vital_lcell_ff)
ModelSim-Altera Info: # Loading cycloneii.cycloneii_and1(altvital)
ModelSim-Altera Warning: # ** Warning: Design size of 2 instances exceeds ModelSim ALTERA recommended capacity.
ModelSim-Altera Info: # This may because you are loading cell libraries which are not recommended with
ModelSim-Altera Info: # the ModelSim Altera version. Expect performance to be adversely affected.
ModelSim-Altera Info: add wave -position insertpoint  \
ModelSim-Altera Info: sim:/procesocinco/Q2 \
ModelSim-Altera Info: sim:/procesocinco/CLK \
ModelSim-Altera Info: sim:/procesocinco/seleccion \
ModelSim-Altera Info: sim:/procesocinco/contador \
ModelSim-Altera Info: sim:/procesocinco/regCedCero \
ModelSim-Altera Info: sim:/procesocinco/regCedDos \
ModelSim-Altera Info: sim:/procesocinco/regCedTres \
ModelSim-Altera Info: sim:/procesocinco/regCedUno \
ModelSim-Altera Info: sim:/procesocinco/switchesDec \
ModelSim-Altera Info: sim:/procesocinco/switchesUni \
ModelSim-Altera Info: sim:/procesocinco/START \
ModelSim-Altera Info: sim:/procesocinco/RESET \
ModelSim-Altera Info: sim:/procesocinco/Q1 \
ModelSim-Altera Info: sim:/procesocinco/Q0 \
ModelSim-Altera Info: sim:/procesocinco/valorEncontrado
ModelSim-Altera Info: # Can't move the Now cursor.
ModelSim-Altera Info: force -freeze sim:/procesocinco/CLK 1 0, 0 {50 ps} -r 100
ModelSim-Altera Info: force -freeze sim:/procesocinco/RESET 1 0
ModelSim-Altera Info: force -freeze sim:/procesocinco/START 0 0
ModelSim-Altera Info: run
ModelSim-Altera Info: force -freeze sim:/procesocinco/seleccion 1 0
ModelSim-Altera Info: force -freeze sim:/procesocinco/switchesDec 0000 0
ModelSim-Altera Info: force -freeze sim:/procesocinco/switchesUni 0000 0
ModelSim-Altera Info: force -freeze sim:/procesocinco/regCedCero 1111 0
ModelSim-Altera Info: force -freeze sim:/procesocinco/regCedUno 1111 0
ModelSim-Altera Info: force -freeze sim:/procesocinco/regCedDos 1111 0
ModelSim-Altera Info: force -freeze sim:/procesocinco/regCedTres 1111 0
ModelSim-Altera Info: run
ModelSim-Altera Info: run
ModelSim-Altera Info: run
ModelSim-Altera Info: force -freeze sim:/procesocinco/RESET 0 0
ModelSim-Altera Info: run
ModelSim-Altera Info: force -freeze sim:/procesocinco/START 1 0
ModelSim-Altera Info: run
ModelSim-Altera Info: force -freeze sim:/procesocinco/START 0 0
ModelSim-Altera Info: run
ModelSim-Altera Info: run
ModelSim-Altera Info: run
ModelSim-Altera Info: run
ModelSim-Altera Info: run
ModelSim-Altera Info: run
ModelSim-Altera Info: run
ModelSim-Altera Info: run
ModelSim-Altera Info: run
ModelSim-Altera Info: run
ModelSim-Altera Info: run
ModelSim-Altera Info: run
Info: NativeLink simulation flow was successful
